[31Jan2025 00:05:30.737] [Server thread/INFO] [net.minecraft.server.MinecraftServer/]: [MacacoEliTrulov: Teleported MacacoEliTrulov to xiomy_zzz]
[31Jan2025 00:06:31.055] [Server thread/INFO] [net.minecraft.server.MinecraftServer/]: [Not Secure] <MacacoEliTrulov> XXXXX
[31Jan2025 00:06:32.560] [Server thread/INFO] [net.minecraft.server.MinecraftServer/]: [Not Secure] <MacacoEliTrulov> ZZZZ
[31Jan2025 00:19:54.630] [Server thread/INFO] [net.minecraft.server.MinecraftServer/]: [Not Secure] <MacacoEliTrulov> X
[31Jan2025 00:19:54.833] [Server thread/INFO] [net.minecraft.server.MinecraftServer/]: [Not Secure] <MacacoEliTrulov> X
[31Jan2025 00:19:55.539] [Server thread/INFO] [net.minecraft.server.MinecraftServer/]: [Not Secure] <MacacoEliTrulov> XZ
[31Jan2025 00:19:55.799] [Server thread/INFO] [net.minecraft.server.MinecraftServer/]: [Not Secure] <MacacoEliTrulov> Z
[31Jan2025 00:19:55.902] [Server thread/INFO] [net.minecraft.server.MinecraftServer/]: [Not Secure] <MacacoEliTrulov> Z
[31Jan2025 00:19:56.183] [Server thread/INFO] [net.minecraft.server.MinecraftServer/]: [Not Secure] <MacacoEliTrulov> Z
[31Jan2025 00:19:56.280] [Server thread/INFO] [net.minecraft.server.MinecraftServer/]: [Not Secure] <MacacoEliTrulov> Z
[31Jan2025 00:19:56.398] [Server thread/INFO] [net.minecraft.server.MinecraftServer/]: [Not Secure] <MacacoEliTrulov> Z
[31Jan2025 00:19:56.660] [Server thread/INFO] [net.minecraft.server.MinecraftServer/]: [Not Secure] <MacacoEliTrulov> Z
[31Jan2025 00:19:56.788] [Server thread/INFO] [net.minecraft.server.MinecraftServer/]: [Not Secure] <MacacoEliTrulov> Z
[31Jan2025 00:19:56.930] [Server thread/INFO] [net.minecraft.server.MinecraftServer/]: [Not Secure] <MacacoEliTrulov> Z
[31Jan2025 00:20:23.444] [Server thread/INFO] [net.minecraft.server.MinecraftServer/]: [MacacoEliTrulov: Teleported MacacoEliTrulov to xiomy_zzz]
[31Jan2025 00:20:28.390] [Server thread/WARN] [net.minecraft.server.level.ServerPlayerGameMode/]: Mismatch in destroy block pos: BlockPos{x=786, y=66, z=848} BlockPos{x=785, y=65, z=848}
[31Jan2025 00:20:28.441] [Server thread/WARN] [net.minecraft.server.level.ServerPlayerGameMode/]: Mismatch in destroy block pos: BlockPos{x=786, y=66, z=848} BlockPos{x=785, y=65, z=848}
[31Jan2025 00:20:28.488] [Server thread/WARN] [net.minecraft.server.level.ServerPlayerGameMode/]: Mismatch in destroy block pos: BlockPos{x=786, y=66, z=848} BlockPos{x=785, y=65, z=848}
[31Jan2025 00:20:28.542] [Server thread/WARN] [net.minecraft.server.level.ServerPlayerGameMode/]: Mismatch in destroy block pos: BlockPos{x=786, y=66, z=848} BlockPos{x=785, y=65, z=848}
[31Jan2025 00:20:28.586] [Server thread/WARN] [net.minecraft.server.level.ServerPlayerGameMode/]: Mismatch in destroy block pos: BlockPos{x=786, y=66, z=848} BlockPos{x=785, y=65, z=848}
[31Jan2025 00:20:48.207] [Server thread/INFO] [net.minecraft.world.entity.LivingEntity/]: Named entity Vindicator['Gunnarr'/6715, l='ServerLevel[youtube]', x=786.64, y=67.00, z=851.30] died: Gunnarr was slain by xiomy_zzz
[31Jan2025 00:20:58.238] [Server thread/INFO] [net.minecraft.world.entity.LivingEntity/]: Named entity Cow['bally'/6698, l='ServerLevel[youtube]', x=783.42, y=67.00, z=854.66] died: bally was slain by MacacoEliTrulov
[31Jan2025 00:21:01.039] [Server thread/INFO] [net.minecraft.world.entity.LivingEntity/]: Named entity Cow['Wally'/6696, l='ServerLevel[youtube]', x=781.55, y=66.00, z=853.85] died: Wally was slain by MacacoEliTrulov
[31Jan2025 00:21:02.734] [Server thread/INFO] [net.minecraft.world.entity.LivingEntity/]: Named entity Cow['Sally'/6697, l='ServerLevel[youtube]', x=781.60, y=66.00, z=854.86] died: Sally was slain by MacacoEliTrulov
[31Jan2025 00:21:42.552] [Server thread/INFO] [net.minecraft.server.MinecraftServer/]: [MacacoEliTrulov: Teleported MacacoEliTrulov to xiomy_zzz]
[31Jan2025 00:23:16.480] [Server thread/INFO] [net.minecraft.server.MinecraftServer/]: xiomy_zzz was slain by Vex
[31Jan2025 00:23:24.528] [Server thread/INFO] [net.minecraft.server.MinecraftServer/]: MacacoEliTrulov was slain by Vex
[31Jan2025 00:23:33.632] [Server thread/INFO] [net.minecraft.server.MinecraftServer/]: [MacacoEliTrulov: Teleported MacacoEliTrulov to 916.500000, 76.000000, 982.500000]
[31Jan2025 00:23:38.497] [Server thread/INFO] [net.minecraft.server.MinecraftServer/]: [MacacoEliTrulov: Teleported xiomy_zzz to MacacoEliTrulov]
[31Jan2025 00:23:41.968] [Server thread/INFO] [net.minecraft.server.MinecraftServer/]: MacacoEliTrulov was slain by Cave Spider
[31Jan2025 00:23:47.341] [Server thread/INFO] [net.minecraft.server.MinecraftServer/]: [MacacoEliTrulov: Teleported MacacoEliTrulov to xiomy_zzz]
[31Jan2025 00:26:01.623] [Server thread/INFO] [net.minecraft.server.MinecraftServer/]: xiomy_zzz was slain by Cave Spider
[31Jan2025 00:26:04.099] [Server thread/INFO] [net.minecraft.server.MinecraftServer/]: [MacacoEliTrulov: Teleported xiomy_zzz to MacacoEliTrulov]
[31Jan2025 00:26:17.532] [Server thread/INFO] [net.minecraft.server.MinecraftServer/]: xiomy_zzz was slain by Spider
[31Jan2025 00:26:30.933] [Server thread/INFO] [net.minecraft.server.MinecraftServer/]: MacacoEliTrulov was slain by Spider
[31Jan2025 00:26:33.557] [Server thread/INFO] [net.minecraft.server.MinecraftServer/]: [MacacoEliTrulov: Teleported xiomy_zzz to MacacoEliTrulov]
[31Jan2025 00:26:42.068] [Server thread/INFO] [net.minecraft.server.MinecraftServer/]: [MacacoEliTrulov: Teleported MacacoEliTrulov to 926.500000, 81.000000, 977.500000]
[31Jan2025 00:26:50.639] [Server thread/WARN] [net.minecraft.server.network.ServerGamePacketListenerImpl/]: MacacoEliTrulov moved wrongly!
[31Jan2025 00:26:50.881] [Server thread/INFO] [net.minecraft.server.MinecraftServer/]: MacacoEliTrulov was slain by Spider
[31Jan2025 00:26:58.590] [Server thread/INFO] [net.minecraft.server.MinecraftServer/]: [MacacoEliTrulov: Teleported MacacoEliTrulov to 926.500000, 81.000000, 977.500000]
[31Jan2025 00:27:06.492] [Server thread/INFO] [net.minecraft.server.MinecraftServer/]: MacacoEliTrulov was slain by Spider
[31Jan2025 00:27:08.552] [Server thread/WARN] [net.minecraft.server.level.ServerPlayerGameMode/]: Mismatch in destroy block pos: BlockPos{x=43, y=63, z=-15} BlockPos{x=44, y=63, z=-14}
[31Jan2025 00:27:08.899] [Server thread/WARN] [net.minecraft.server.level.ServerPlayerGameMode/]: Mismatch in destroy block pos: BlockPos{x=42, y=64, z=-16} BlockPos{x=42, y=62, z=-15}
[31Jan2025 00:27:08.942] [Server thread/WARN] [net.minecraft.server.level.ServerPlayerGameMode/]: Mismatch in destroy block pos: BlockPos{x=42, y=64, z=-16} BlockPos{x=42, y=62, z=-15}
[31Jan2025 00:27:09.000] [Server thread/WARN] [net.minecraft.server.level.ServerPlayerGameMode/]: Mismatch in destroy block pos: BlockPos{x=41, y=64, z=-16} BlockPos{x=42, y=62, z=-15}
[31Jan2025 00:27:20.701] [Server thread/INFO] [net.minecraft.server.MinecraftServer/]: [MacacoEliTrulov: Teleported MacacoEliTrulov to 922.500000, 81.000000, 979.500000]
[31Jan2025 00:27:21.561] [Server thread/INFO] [net.minecraft.server.MinecraftServer/]: [MacacoEliTrulov: Teleported xiomy_zzz to MacacoEliTrulov]
[31Jan2025 00:27:28.971] [Server thread/INFO] [net.minecraft.server.MinecraftServer/]: MacacoEliTrulov was slain by Spider
[31Jan2025 00:27:31.772] [Server thread/INFO] [net.minecraft.server.MinecraftServer/]: [MacacoEliTrulov: Teleported MacacoEliTrulov to xiomy_zzz]
[31Jan2025 00:27:31.971] [Server thread/INFO] [net.minecraft.server.MinecraftServer/]: xiomy_zzz was slain by Spider
[31Jan2025 00:27:40.771] [Server thread/INFO] [net.minecraft.server.MinecraftServer/]: MacacoEliTrulov was slain by Spider
[31Jan2025 00:27:44.828] [Server thread/INFO] [net.minecraft.server.MinecraftServer/]: [MacacoEliTrulov: Teleported xiomy_zzz to MacacoEliTrulov]
[31Jan2025 00:27:50.653] [Server thread/INFO] [net.minecraft.server.MinecraftServer/]: [MacacoEliTrulov: Teleported MacacoEliTrulov to 921.500000, 81.000000, 979.500000]
[31Jan2025 00:27:51.104] [Server thread/INFO] [net.minecraft.server.MinecraftServer/]: [MacacoEliTrulov: Teleported MacacoEliTrulov to xiomy_zzz]
[31Jan2025 00:28:02.263] [Server thread/INFO] [net.minecraft.server.MinecraftServer/]: [MacacoEliTrulov: Teleported MacacoEliTrulov to 921.500000, 81.000000, 979.500000]
[31Jan2025 00:28:03.556] [Server thread/INFO] [net.minecraft.server.MinecraftServer/]: [MacacoEliTrulov: Teleported xiomy_zzz to MacacoEliTrulov]
[31Jan2025 00:28:30.729] [Server thread/INFO] [net.minecraft.server.MinecraftServer/]: xiomy_zzz was shot by Stray
[31Jan2025 00:28:36.451] [Server thread/INFO] [net.minecraft.server.MinecraftServer/]: [MacacoEliTrulov: Teleported xiomy_zzz to MacacoEliTrulov]
[31Jan2025 00:31:18.030] [Server thread/INFO] [net.minecraft.server.MinecraftServer/]: [MacacoEliTrulov: Teleported xiomy_zzz to MacacoEliTrulov]
[31Jan2025 00:31:52.783] [Server thread/INFO] [net.minecraft.server.MinecraftServer/]: MacacoEliTrulov has reached the goal [Senior Summoner]
[31Jan2025 00:31:58.274] [Server thread/INFO] [net.minecraft.server.MinecraftServer/]: xiomy_zzz was slain by Bone Imp
[31Jan2025 00:32:18.440] [Server thread/INFO] [net.minecraft.server.MinecraftServer/]: [MacacoEliTrulov: Teleported xiomy_zzz to MacacoEliTrulov]
[31Jan2025 00:32:47.974] [Server thread/INFO] [net.minecraft.server.MinecraftServer/]: xiomy_zzz was shot by MacacoEliTrulov
[31Jan2025 00:32:50.591] [Server thread/INFO] [net.minecraft.server.MinecraftServer/]: [MacacoEliTrulov: Teleported xiomy_zzz to MacacoEliTrulov]
[31Jan2025 00:35:15.400] [Worker-Main-1/WARN] [net.minecraft.world.level.levelgen.structure.pools.JigsawPlacement/]: Empty or non-existent pool: minecraft:
[31Jan2025 00:35:15.400] [Worker-Main-1/WARN] [net.minecraft.world.level.levelgen.structure.pools.JigsawPlacement/]: Empty or non-existent pool: minecraft:
[31Jan2025 00:35:15.400] [Worker-Main-1/WARN] [net.minecraft.world.level.levelgen.structure.pools.JigsawPlacement/]: Empty or non-existent pool: minecraft:
[31Jan2025 00:35:15.400] [Worker-Main-1/WARN] [net.minecraft.world.level.levelgen.structure.pools.JigsawPlacement/]: Empty or non-existent pool: minecraft:
[31Jan2025 00:35:19.292] [Server thread/INFO] [net.minecraft.server.MinecraftServer/]: [MacacoEliTrulov: Teleported MacacoEliTrulov to xiomy_zzz]
[31Jan2025 00:35:24.428] [Server thread/INFO] [net.minecraft.server.MinecraftServer/]: xiomy_zzz was slain by Nightmare Stalker
[31Jan2025 00:35:33.587] [Server thread/INFO] [net.minecraft.server.MinecraftServer/]: [MacacoEliTrulov: Teleported xiomy_zzz to MacacoEliTrulov]
[31Jan2025 00:35:49.686] [Server thread/INFO] [net.minecraft.server.MinecraftServer/]: xiomy_zzz fell from a high place
[31Jan2025 00:35:53.961] [Server thread/INFO] [net.minecraft.server.MinecraftServer/]: [MacacoEliTrulov: Teleported xiomy_zzz to MacacoEliTrulov]
[31Jan2025 00:36:25.832] [Server thread/INFO] [net.minecraft.server.MinecraftServer/]: xiomy_zzz has reached the goal [Fighting Nightmares]
[31Jan2025 00:37:46.676] [Server thread/INFO] [net.minecraft.server.MinecraftServer/]: [MacacoEliTrulov: Teleported xiomy_zzz to MacacoEliTrulov]
[31Jan2025 00:41:14.662] [Server thread/INFO] [net.minecraft.server.MinecraftServer/]: MacacoEliTrulov has made the advancement [Wild Grapes]
[31Jan2025 00:41:32.403] [Worker-Main-3/WARN] [net.minecraft.world.level.levelgen.structure.pools.JigsawPlacement/]: Empty or non-existent pool: minecraft:
[31Jan2025 00:41:32.410] [Worker-Main-3/WARN] [net.minecraft.world.level.levelgen.structure.pools.JigsawPlacement/]: Empty or non-existent pool: minecraft:
[31Jan2025 00:41:32.411] [Worker-Main-3/WARN] [net.minecraft.world.level.levelgen.structure.pools.JigsawPlacement/]: Empty or non-existent pool: minecraft:
[31Jan2025 00:41:32.413] [Worker-Main-3/WARN] [net.minecraft.world.level.levelgen.structure.pools.JigsawPlacement/]: Empty or non-existent pool: minecraft:
[31Jan2025 00:42:12.496] [Worker-Main-1/WARN] [net.minecraft.world.level.levelgen.structure.pools.JigsawPlacement/]: Empty or non-existent pool: minecraft:
[31Jan2025 00:42:12.496] [Worker-Main-1/WARN] [net.minecraft.world.level.levelgen.structure.pools.JigsawPlacement/]: Empty or non-existent pool: minecraft:
[31Jan2025 00:42:12.496] [Worker-Main-1/WARN] [net.minecraft.world.level.levelgen.structure.pools.JigsawPlacement/]: Empty or non-existent pool: minecraft:
[31Jan2025 00:42:12.496] [Worker-Main-1/WARN] [net.minecraft.world.level.levelgen.structure.pools.JigsawPlacement/]: Empty or non-existent pool: minecraft:
[31Jan2025 00:42:24.554] [Worker-Main-2/WARN] [net.minecraft.world.level.levelgen.structure.pools.JigsawPlacement/]: Empty or non-existent pool: minecraft:
[31Jan2025 00:42:24.555] [Worker-Main-2/WARN] [net.minecraft.world.level.levelgen.structure.pools.JigsawPlacement/]: Empty or non-existent pool: minecraft:
[31Jan2025 00:43:08.160] [Server thread/INFO] [net.minecraft.server.MinecraftServer/]: MacacoEliTrulov has reached the goal [Off you go]
[31Jan2025 00:43:38.785] [Worker-Main-2/WARN] [net.minecraft.world.level.levelgen.structure.pools.JigsawPlacement/]: Empty or non-existent pool: minecraft:
[31Jan2025 00:43:38.786] [Worker-Main-2/WARN] [net.minecraft.world.level.levelgen.structure.pools.JigsawPlacement/]: Empty or non-existent pool: minecraft:
[31Jan2025 00:43:38.786] [Worker-Main-2/WARN] [net.minecraft.world.level.levelgen.structure.pools.JigsawPlacement/]: Empty or non-existent pool: minecraft:
[31Jan2025 00:43:38.786] [Worker-Main-2/WARN] [net.minecraft.world.level.levelgen.structure.pools.JigsawPlacement/]: Empty or non-existent pool: minecraft:
[31Jan2025 00:51:48.406] [Server thread/INFO] [net.minecraft.server.MinecraftServer/]: MacacoEliTrulov has made the advancement [What a Dungeon!]
[31Jan2025 00:53:28.869] [Worker-Main-2/WARN] [net.minecraft.server.level.WorldGenRegion/]: Tried to access a block entity before it was created. BlockPos{x=1201, y=-28, z=1884}
[31Jan2025 00:53:28.870] [Worker-Main-2/WARN] [net.minecraft.server.level.WorldGenRegion/]: Tried to access a block entity before it was created. BlockPos{x=1206, y=-28, z=1878}
[31Jan2025 00:54:15.744] [Server thread/INFO] [net.minecraft.server.MinecraftServer/]: MacacoEliTrulov was slain by Zombie
[31Jan2025 00:54:26.007] [Server thread/INFO] [net.minecraft.server.MinecraftServer/]: [MacacoEliTrulov: Teleported MacacoEliTrulov to 1297.500000, 71.000000, 1651.500000]
[31Jan2025 00:57:07.091] [Server thread/INFO] [net.minecraft.server.MinecraftServer/]: MacacoEliTrulov has made the advancement [Double Trouble]
[31Jan2025 01:04:53.513] [Worker-Main-1/WARN] [net.minecraft.world.level.levelgen.structure.pools.JigsawPlacement/]: Empty or non-existent pool: minecraft:
[31Jan2025 01:04:53.514] [Worker-Main-1/WARN] [net.minecraft.world.level.levelgen.structure.pools.JigsawPlacement/]: Empty or non-existent pool: minecraft:
[31Jan2025 01:04:53.514] [Worker-Main-1/WARN] [net.minecraft.world.level.levelgen.structure.pools.JigsawPlacement/]: Empty or non-existent pool: minecraft:
[31Jan2025 01:04:53.514] [Worker-Main-1/WARN] [net.minecraft.world.level.levelgen.structure.pools.JigsawPlacement/]: Empty or non-existent pool: minecraft:
[31Jan2025 01:05:01.254] [Worker-Main-3/WARN] [net.minecraft.world.level.levelgen.structure.pools.JigsawPlacement/]: Empty or non-existent pool: minecraft:
[31Jan2025 01:05:01.265] [Worker-Main-3/WARN] [net.minecraft.world.level.levelgen.structure.pools.JigsawPlacement/]: Empty or non-existent pool: minecraft:
[31Jan2025 01:05:01.274] [Worker-Main-3/WARN] [net.minecraft.world.level.levelgen.structure.pools.JigsawPlacement/]: Empty or non-existent pool: minecraft:
[31Jan2025 01:05:01.282] [Worker-Main-3/WARN] [net.minecraft.world.level.levelgen.structure.pools.JigsawPlacement/]: Empty or non-existent pool: minecraft:
[31Jan2025 01:05:01.283] [Worker-Main-3/WARN] [net.minecraft.world.level.levelgen.structure.pools.JigsawPlacement/]: Empty or non-existent pool: minecraft:
[31Jan2025 01:05:01.292] [Worker-Main-3/WARN] [net.minecraft.world.level.levelgen.structure.pools.JigsawPlacement/]: Empty or non-existent pool: minecraft:
[31Jan2025 01:05:01.293] [Worker-Main-3/WARN] [net.minecraft.world.level.levelgen.structure.pools.JigsawPlacement/]: Empty or non-existent pool: minecraft:
[31Jan2025 01:05:01.313] [Worker-Main-3/WARN] [net.minecraft.world.level.levelgen.structure.pools.JigsawPlacement/]: Empty or non-existent pool: minecraft:
[31Jan2025 01:05:09.753] [Worker-Main-2/WARN] [net.minecraft.world.level.levelgen.structure.pools.JigsawPlacement/]: Empty or non-existent pool: minecraft:
[31Jan2025 01:05:09.755] [Worker-Main-2/WARN] [net.minecraft.world.level.levelgen.structure.pools.JigsawPlacement/]: Empty or non-existent pool: minecraft:
[31Jan2025 01:05:09.756] [Worker-Main-2/WARN] [net.minecraft.world.level.levelgen.structure.pools.JigsawPlacement/]: Empty or non-existent pool: minecraft:
[31Jan2025 01:05:09.757] [Worker-Main-2/WARN] [net.minecraft.world.level.levelgen.structure.pools.JigsawPlacement/]: Empty or non-existent pool: minecraft:
[31Jan2025 01:05:09.758] [Worker-Main-2/WARN] [net.minecraft.world.level.levelgen.structure.pools.JigsawPlacement/]: Empty or non-existent pool: minecraft:
[31Jan2025 01:05:09.761] [Worker-Main-2/WARN] [net.minecraft.world.level.levelgen.structure.pools.JigsawPlacement/]: Empty or non-existent pool: minecraft:
[31Jan2025 01:05:09.763] [Worker-Main-2/WARN] [net.minecraft.world.level.levelgen.structure.pools.JigsawPlacement/]: Empty or non-existent pool: minecraft:
[31Jan2025 01:05:09.767] [Worker-Main-2/WARN] [net.minecraft.world.level.levelgen.structure.pools.JigsawPlacement/]: Empty or non-existent pool: minecraft:
[31Jan2025 01:05:09.767] [Worker-Main-2/WARN] [net.minecraft.world.level.levelgen.structure.pools.JigsawPlacement/]: Empty or non-existent pool: minecraft:
[31Jan2025 01:05:09.768] [Worker-Main-2/WARN] [net.minecraft.world.level.levelgen.structure.pools.JigsawPlacement/]: Empty or non-existent pool: minecraft:
[31Jan2025 01:05:09.768] [Worker-Main-2/WARN] [net.minecraft.world.level.levelgen.structure.pools.JigsawPlacement/]: Empty or non-existent pool: minecraft:
[31Jan2025 01:05:09.768] [Worker-Main-2/WARN] [net.minecraft.world.level.levelgen.structure.pools.JigsawPlacement/]: Empty or non-existent pool: minecraft:
[31Jan2025 01:05:13.363] [Server thread/WARN] [net.minecraft.server.MinecraftServer/]: Can't keep up! Is the server overloaded? Running 2002ms or 40 ticks behind
[31Jan2025 01:07:04.573] [Server thread/INFO] [net.minecraft.server.MinecraftServer/]: MacacoEliTrulov has made the advancement [I was here, i lived, i..]
[31Jan2025 01:08:27.747] [Worker-Main-1/WARN] [net.minecraft.world.level.levelgen.structure.pools.JigsawPlacement/]: Empty or non-existent pool: minecraft:
[31Jan2025 01:08:27.747] [Worker-Main-1/WARN] [net.minecraft.world.level.levelgen.structure.pools.JigsawPlacement/]: Empty or non-existent pool: minecraft:
[31Jan2025 01:08:27.747] [Worker-Main-1/WARN] [net.minecraft.world.level.levelgen.structure.pools.JigsawPlacement/]: Empty or non-existent pool: minecraft:
[31Jan2025 01:08:27.747] [Worker-Main-1/WARN] [net.minecraft.world.level.levelgen.structure.pools.JigsawPlacement/]: Empty or non-existent pool: minecraft:
[31Jan2025 01:08:55.065] [Worker-Main-2/WARN] [net.minecraft.world.level.levelgen.structure.pools.JigsawPlacement/]: Empty or non-existent pool: minecraft:
[31Jan2025 01:08:55.065] [Worker-Main-2/WARN] [net.minecraft.world.level.levelgen.structure.pools.JigsawPlacement/]: Empty or non-existent pool: minecraft:
[31Jan2025 01:08:55.066] [Worker-Main-2/WARN] [net.minecraft.world.level.levelgen.structure.pools.JigsawPlacement/]: Empty or non-existent pool: minecraft:
[31Jan2025 01:08:55.066] [Worker-Main-2/WARN] [net.minecraft.world.level.levelgen.structure.pools.JigsawPlacement/]: Empty or non-existent pool: minecraft:
[31Jan2025 01:09:11.524] [Worker-Main-2/WARN] [net.minecraft.world.level.levelgen.structure.pools.JigsawPlacement/]: Empty or non-existent pool: minecraft:
[31Jan2025 01:09:11.525] [Worker-Main-2/WARN] [net.minecraft.world.level.levelgen.structure.pools.JigsawPlacement/]: Empty or non-existent pool: minecraft:
[31Jan2025 01:09:11.531] [Worker-Main-2/WARN] [net.minecraft.world.level.levelgen.structure.pools.JigsawPlacement/]: Empty or non-existent pool: minecraft:
[31Jan2025 01:09:11.533] [Worker-Main-2/WARN] [net.minecraft.world.level.levelgen.structure.pools.JigsawPlacement/]: Empty or non-existent pool: minecraft:
[31Jan2025 01:09:11.535] [Worker-Main-2/WARN] [net.minecraft.world.level.levelgen.structure.pools.JigsawPlacement/]: Empty or non-existent pool: minecraft:
[31Jan2025 01:09:11.537] [Worker-Main-2/WARN] [net.minecraft.world.level.levelgen.structure.pools.JigsawPlacement/]: Empty or non-existent pool: minecraft:
[31Jan2025 01:09:11.537] [Worker-Main-2/WARN] [net.minecraft.world.level.levelgen.structure.pools.JigsawPlacement/]: Empty or non-existent pool: minecraft:
[31Jan2025 01:09:11.539] [Worker-Main-2/WARN] [net.minecraft.world.level.levelgen.structure.pools.JigsawPlacement/]: Empty or non-existent pool: minecraft:
[31Jan2025 01:09:11.540] [Worker-Main-2/WARN] [net.minecraft.world.level.levelgen.structure.pools.JigsawPlacement/]: Empty or non-existent pool: minecraft:
[31Jan2025 01:09:11.545] [Worker-Main-2/WARN] [net.minecraft.world.level.levelgen.structure.pools.JigsawPlacement/]: Empty or non-existent pool: minecraft:
[31Jan2025 01:09:11.548] [Worker-Main-2/WARN] [net.minecraft.world.level.levelgen.structure.pools.JigsawPlacement/]: Empty or non-existent pool: minecraft:
[31Jan2025 01:09:11.556] [Worker-Main-2/WARN] [net.minecraft.world.level.levelgen.structure.pools.JigsawPlacement/]: Empty or non-existent pool: minecraft:
[31Jan2025 01:12:11.242] [Server thread/INFO] [net.minecraft.server.MinecraftServer/]: MacacoEliTrulov has made the advancement [Gravedigger]
[31Jan2025 01:12:31.715] [Server thread/WARN] [net.minecraft.server.MinecraftServer/]: Can't keep up! Is the server overloaded? Running 2003ms or 40 ticks behind
[31Jan2025 01:15:27.636] [Server thread/INFO] [net.minecraft.server.MinecraftServer/]: MacacoEliTrulov was slain by Nightmare Stalker
[31Jan2025 01:15:40.321] [Server thread/INFO] [net.minecraft.server.MinecraftServer/]: [MacacoEliTrulov: Teleported MacacoEliTrulov to 1716.500000, 93.000000, 1640.500000]
[31Jan2025 01:15:45.449] [Server thread/INFO] [net.minecraft.server.MinecraftServer/]: MacacoEliTrulov was slain by Nightmare Stalker
[31Jan2025 01:15:52.557] [Server thread/INFO] [net.minecraft.server.MinecraftServer/]: [MacacoEliTrulov: Teleported MacacoEliTrulov to 1716.500000, 93.000000, 1640.500000]
[31Jan2025 01:35:47.391] [Server thread/INFO] [net.minecraft.server.MinecraftServer/]: MacacoEliTrulov was slain by Zombie
[31Jan2025 01:36:40.351] [Server thread/INFO] [net.minecraft.server.MinecraftServer/]: [MacacoEliTrulov: Teleported MacacoEliTrulov to 1303.500000, 89.000000, 1487.500000]
[31Jan2025 01:37:12.986] [Server thread/INFO] [net.minecraft.server.MinecraftServer/]: MacacoEliTrulov was slain by Zombie
[31Jan2025 01:37:20.801] [Server thread/INFO] [net.minecraft.server.MinecraftServer/]: [MacacoEliTrulov: Teleported MacacoEliTrulov to 1303.500000, 89.000000, 1487.500000]
[31Jan2025 01:38:18.530] [Server thread/INFO] [net.minecraft.server.MinecraftServer/]: MacacoEliTrulov was slain by Krampus Henchman
[31Jan2025 01:38:48.440] [Server thread/INFO] [net.minecraft.server.network.ServerGamePacketListenerImpl/]: xiomy_zzz lost connection: Timed out
[31Jan2025 01:38:48.440] [Server thread/INFO] [net.minecraft.server.MinecraftServer/]: xiomy_zzz left the game
[31Jan2025 01:38:51.680] [Server thread/INFO] [net.minecraft.server.MinecraftServer/]: [Not Secure] <MacacoEliTrulov> ZZZZZ
[31Jan2025 01:39:05.134] [Server thread/INFO] [net.minecraft.server.MinecraftServer/]: [MacacoEliTrulov: Teleported MacacoEliTrulov to 1303.500000, 89.000000, 1487.500000]
[31Jan2025 01:39:35.971] [Server thread/INFO] [net.minecraft.server.MinecraftServer/]: MacacoEliTrulov was slain by Krampus Henchman
[31Jan2025 01:39:40.632] [Server thread/INFO] [net.minecraft.server.MinecraftServer/]: [MacacoEliTrulov: Teleported MacacoEliTrulov to 1311.500000, 89.000000, 1490.500000]
[31Jan2025 01:39:43.269] [Server thread/INFO] [net.minecraft.server.MinecraftServer/]: MacacoEliTrulov was slain by Zombie
[31Jan2025 01:39:47.552] [Server thread/INFO] [net.minecraft.server.MinecraftServer/]: [MacacoEliTrulov: Teleported MacacoEliTrulov to 1311.500000, 89.000000, 1490.500000]
[31Jan2025 01:40:14.391] [Server thread/INFO] [net.minecraft.server.players.PlayerList/]: xiomy_zzz[/[::1]:60854] logged in with entity id 45373 at (985.3000000119209, 63.0, 978.3000000119209)
[31Jan2025 01:40:14.405] [Server thread/INFO] [net.minecraft.server.MinecraftServer/]: xiomy_zzz joined the game
[31Jan2025 01:42:02.251] [Server thread/INFO] [net.minecraft.server.MinecraftServer/]: MacacoEliTrulov hit the ground too hard
[31Jan2025 01:42:12.257] [Server thread/INFO] [net.minecraft.server.MinecraftServer/]: [MacacoEliTrulov: Teleported MacacoEliTrulov to 1311.500000, 89.000000, 1490.500000]
[31Jan2025 01:42:26.384] [Server thread/INFO] [net.minecraft.server.MinecraftServer/]: MacacoEliTrulov was slain by Dread Hound
[31Jan2025 01:43:21.198] [Server thread/INFO] [net.minecraft.server.MinecraftServer/]: [MacacoEliTrulov: Teleported MacacoEliTrulov to 1311.500000, 89.000000, 1490.500000]
[31Jan2025 01:46:49.549] [Server thread/INFO] [net.minecraft.server.MinecraftServer/]: [MacacoEliTrulov: Teleported MacacoEliTrulov to xiomy_zzz]
[31Jan2025 01:47:07.391] [Server thread/INFO] [net.minecraft.server.MinecraftServer/]: [MacacoEliTrulov: Teleported MacacoEliTrulov to xiomy_zzz]
[31Jan2025 01:47:42.084] [Server thread/INFO] [net.minecraft.server.MinecraftServer/]: [MacacoEliTrulov: Teleported MacacoEliTrulov to xiomy_zzz]
[31Jan2025 01:48:35.241] [Server thread/INFO] [net.minecraft.server.MinecraftServer/]: [MacacoEliTrulov: Teleported MacacoEliTrulov to xiomy_zzz]
[31Jan2025 01:50:53.987] [Server thread/INFO] [net.minecraft.server.MinecraftServer/]: xiomy_zzz was slain by Skeleton Thrasher
[31Jan2025 01:51:53.340] [Server thread/INFO] [net.minecraft.server.MinecraftServer/]: [MacacoEliTrulov: Teleported xiomy_zzz to 1418.500000, 87.000000, 1647.500000]
